bash: warning: setlocale: LC_ALL: cannot change locale (en_US.UTF-8)
bash: warning: setlocale: LC_ALL: cannot change locale (en_US.UTF-8)
bash: warning: setlocale: LC_ALL: cannot change locale (en_US.UTF-8)
bash: warning: setlocale: LC_ALL: cannot change locale (en_US.UTF-8)
bash: warning: setlocale: LC_ALL: cannot change locale (en_US.UTF-8)
bash: warning: setlocale: LC_ALL: cannot change locale (en_US.UTF-8)
bash: warning: setlocale: LC_ALL: cannot change locale (en_US.UTF-8)
bash: warning: setlocale: LC_ALL: cannot change locale (en_US.UTF-8)
bash: warning: setlocale: LC_ALL: cannot change locale (en_US.UTF-8)
bash: warning: setlocale: LC_ALL: cannot change locale (en_US.UTF-8)
Traceback (most recent call last):
  File "/home/victoria_guetermann/scorecast/notebooks/review_score_model_v1_no_output.ipynb", line 5, in <module>
    "execution_count": null,
NameError: name 'null' is not defined
bash: warning: setlocale: LC_ALL: cannot change locale (en_US.UTF-8)
bash: warning: setlocale: LC_ALL: cannot change locale (en_US.UTF-8)
bash: warning: setlocale: LC_ALL: cannot change locale (en_US.UTF-8)
bash: warning: setlocale: LC_ALL: cannot change locale (en_US.UTF-8)
bash: warning: setlocale: LC_ALL: cannot change locale (en_US.UTF-8)
bash: warning: setlocale: LC_ALL: cannot change locale (en_US.UTF-8)
bash: warning: setlocale: LC_ALL: cannot change locale (en_US.UTF-8)
bash: warning: setlocale: LC_ALL: cannot change locale (en_US.UTF-8)
bash: warning: setlocale: LC_ALL: cannot change locale (en_US.UTF-8)
bash: warning: setlocale: LC_ALL: cannot change locale (en_US.UTF-8)
Training SGDRegressor...
/home/victoria_guetermann/.pyenv/versions/flavor-env/lib/python3.10/site-packages/sklearn/linear_model/_stochastic_gradient.py:1616: ConvergenceWarning: Maximum number of iteration reached before convergence. Consider increasing max_iter to improve the fit.
  warnings.warn(
/home/victoria_guetermann/.pyenv/versions/flavor-env/lib/python3.10/site-packages/sklearn/linear_model/_stochastic_gradient.py:1616: ConvergenceWarning: Maximum number of iteration reached before convergence. Consider increasing max_iter to improve the fit.
  warnings.warn(
/home/victoria_guetermann/.pyenv/versions/flavor-env/lib/python3.10/site-packages/sklearn/linear_model/_stochastic_gradient.py:1616: ConvergenceWarning: Maximum number of iteration reached before convergence. Consider increasing max_iter to improve the fit.
  warnings.warn(
/home/victoria_guetermann/.pyenv/versions/flavor-env/lib/python3.10/site-packages/sklearn/linear_model/_stochastic_gradient.py:1616: ConvergenceWarning: Maximum number of iteration reached before convergence. Consider increasing max_iter to improve the fit.
  warnings.warn(
/home/victoria_guetermann/.pyenv/versions/flavor-env/lib/python3.10/site-packages/sklearn/linear_model/_stochastic_gradient.py:1616: ConvergenceWarning: Maximum number of iteration reached before convergence. Consider increasing max_iter to improve the fit.
  warnings.warn(
/home/victoria_guetermann/.pyenv/versions/flavor-env/lib/python3.10/site-packages/sklearn/linear_model/_stochastic_gradient.py:1616: ConvergenceWarning: Maximum number of iteration reached before convergence. Consider increasing max_iter to improve the fit.
  warnings.warn(
/home/victoria_guetermann/.pyenv/versions/flavor-env/lib/python3.10/site-packages/sklearn/linear_model/_stochastic_gradient.py:1616: ConvergenceWarning: Maximum number of iteration reached before convergence. Consider increasing max_iter to improve the fit.
  warnings.warn(
/home/victoria_guetermann/.pyenv/versions/flavor-env/lib/python3.10/site-packages/sklearn/linear_model/_stochastic_gradient.py:1616: ConvergenceWarning: Maximum number of iteration reached before convergence. Consider increasing max_iter to improve the fit.
  warnings.warn(
/home/victoria_guetermann/.pyenv/versions/flavor-env/lib/python3.10/site-packages/sklearn/linear_model/_stochastic_gradient.py:1616: ConvergenceWarning: Maximum number of iteration reached before convergence. Consider increasing max_iter to improve the fit.
  warnings.warn(
/home/victoria_guetermann/.pyenv/versions/flavor-env/lib/python3.10/site-packages/sklearn/linear_model/_stochastic_gradient.py:1616: ConvergenceWarning: Maximum number of iteration reached before convergence. Consider increasing max_iter to improve the fit.
  warnings.warn(
/home/victoria_guetermann/.pyenv/versions/flavor-env/lib/python3.10/site-packages/sklearn/linear_model/_stochastic_gradient.py:1616: ConvergenceWarning: Maximum number of iteration reached before convergence. Consider increasing max_iter to improve the fit.
  warnings.warn(
/home/victoria_guetermann/.pyenv/versions/flavor-env/lib/python3.10/site-packages/sklearn/linear_model/_stochastic_gradient.py:1616: ConvergenceWarning: Maximum number of iteration reached before convergence. Consider increasing max_iter to improve the fit.
  warnings.warn(
/home/victoria_guetermann/.pyenv/versions/flavor-env/lib/python3.10/site-packages/sklearn/linear_model/_stochastic_gradient.py:1616: ConvergenceWarning: Maximum number of iteration reached before convergence. Consider increasing max_iter to improve the fit.
  warnings.warn(
/home/victoria_guetermann/.pyenv/versions/flavor-env/lib/python3.10/site-packages/sklearn/linear_model/_stochastic_gradient.py:1616: ConvergenceWarning: Maximum number of iteration reached before convergence. Consider increasing max_iter to improve the fit.
  warnings.warn(
/home/victoria_guetermann/.pyenv/versions/flavor-env/lib/python3.10/site-packages/sklearn/linear_model/_stochastic_gradient.py:1616: ConvergenceWarning: Maximum number of iteration reached before convergence. Consider increasing max_iter to improve the fit.
  warnings.warn(
/home/victoria_guetermann/.pyenv/versions/flavor-env/lib/python3.10/site-packages/sklearn/linear_model/_stochastic_gradient.py:1616: ConvergenceWarning: Maximum number of iteration reached before convergence. Consider increasing max_iter to improve the fit.
  warnings.warn(
/home/victoria_guetermann/.pyenv/versions/flavor-env/lib/python3.10/site-packages/sklearn/linear_model/_stochastic_gradient.py:1616: ConvergenceWarning: Maximum number of iteration reached before convergence. Consider increasing max_iter to improve the fit.
  warnings.warn(
/home/victoria_guetermann/.pyenv/versions/flavor-env/lib/python3.10/site-packages/sklearn/linear_model/_stochastic_gradient.py:1616: ConvergenceWarning: Maximum number of iteration reached before convergence. Consider increasing max_iter to improve the fit.
  warnings.warn(
/home/victoria_guetermann/.pyenv/versions/flavor-env/lib/python3.10/site-packages/sklearn/linear_model/_stochastic_gradient.py:1616: ConvergenceWarning: Maximum number of iteration reached before convergence. Consider increasing max_iter to improve the fit.
  warnings.warn(
/home/victoria_guetermann/.pyenv/versions/flavor-env/lib/python3.10/site-packages/sklearn/linear_model/_stochastic_gradient.py:1616: ConvergenceWarning: Maximum number of iteration reached before convergence. Consider increasing max_iter to improve the fit.
  warnings.warn(
/home/victoria_guetermann/.pyenv/versions/flavor-env/lib/python3.10/site-packages/sklearn/linear_model/_stochastic_gradient.py:1616: ConvergenceWarning: Maximum number of iteration reached before convergence. Consider increasing max_iter to improve the fit.
  warnings.warn(
/home/victoria_guetermann/.pyenv/versions/flavor-env/lib/python3.10/site-packages/sklearn/linear_model/_stochastic_gradient.py:1616: ConvergenceWarning: Maximum number of iteration reached before convergence. Consider increasing max_iter to improve the fit.
  warnings.warn(
/home/victoria_guetermann/.pyenv/versions/flavor-env/lib/python3.10/site-packages/sklearn/linear_model/_stochastic_gradient.py:1616: ConvergenceWarning: Maximum number of iteration reached before convergence. Consider increasing max_iter to improve the fit.
  warnings.warn(
/home/victoria_guetermann/.pyenv/versions/flavor-env/lib/python3.10/site-packages/sklearn/linear_model/_stochastic_gradient.py:1616: ConvergenceWarning: Maximum number of iteration reached before convergence. Consider increasing max_iter to improve the fit.
  warnings.warn(
/home/victoria_guetermann/.pyenv/versions/flavor-env/lib/python3.10/site-packages/sklearn/linear_model/_stochastic_gradient.py:1616: ConvergenceWarning: Maximum number of iteration reached before convergence. Consider increasing max_iter to improve the fit.
  warnings.warn(
/home/victoria_guetermann/.pyenv/versions/flavor-env/lib/python3.10/site-packages/sklearn/linear_model/_stochastic_gradient.py:1616: ConvergenceWarning: Maximum number of iteration reached before convergence. Consider increasing max_iter to improve the fit.
  warnings.warn(
/home/victoria_guetermann/.pyenv/versions/flavor-env/lib/python3.10/site-packages/sklearn/linear_model/_stochastic_gradient.py:1616: ConvergenceWarning: Maximum number of iteration reached before convergence. Consider increasing max_iter to improve the fit.
  warnings.warn(
/home/victoria_guetermann/.pyenv/versions/flavor-env/lib/python3.10/site-packages/sklearn/linear_model/_stochastic_gradient.py:1616: ConvergenceWarning: Maximum number of iteration reached before convergence. Consider increasing max_iter to improve the fit.
  warnings.warn(
/home/victoria_guetermann/.pyenv/versions/flavor-env/lib/python3.10/site-packages/sklearn/linear_model/_stochastic_gradient.py:1616: ConvergenceWarning: Maximum number of iteration reached before convergence. Consider increasing max_iter to improve the fit.
  warnings.warn(
/home/victoria_guetermann/.pyenv/versions/flavor-env/lib/python3.10/site-packages/sklearn/linear_model/_stochastic_gradient.py:1616: ConvergenceWarning: Maximum number of iteration reached before convergence. Consider increasing max_iter to improve the fit.
  warnings.warn(
/home/victoria_guetermann/.pyenv/versions/flavor-env/lib/python3.10/site-packages/sklearn/linear_model/_stochastic_gradient.py:1616: ConvergenceWarning: Maximum number of iteration reached before convergence. Consider increasing max_iter to improve the fit.
  warnings.warn(
/home/victoria_guetermann/.pyenv/versions/flavor-env/lib/python3.10/site-packages/sklearn/linear_model/_stochastic_gradient.py:1616: ConvergenceWarning: Maximum number of iteration reached before convergence. Consider increasing max_iter to improve the fit.
  warnings.warn(
/home/victoria_guetermann/.pyenv/versions/flavor-env/lib/python3.10/site-packages/sklearn/linear_model/_stochastic_gradient.py:1616: ConvergenceWarning: Maximum number of iteration reached before convergence. Consider increasing max_iter to improve the fit.
  warnings.warn(
/home/victoria_guetermann/.pyenv/versions/flavor-env/lib/python3.10/site-packages/sklearn/linear_model/_stochastic_gradient.py:1616: ConvergenceWarning: Maximum number of iteration reached before convergence. Consider increasing max_iter to improve the fit.
  warnings.warn(
/home/victoria_guetermann/.pyenv/versions/flavor-env/lib/python3.10/site-packages/sklearn/linear_model/_stochastic_gradient.py:1616: ConvergenceWarning: Maximum number of iteration reached before convergence. Consider increasing max_iter to improve the fit.
  warnings.warn(
/home/victoria_guetermann/.pyenv/versions/flavor-env/lib/python3.10/site-packages/sklearn/linear_model/_stochastic_gradient.py:1616: ConvergenceWarning: Maximum number of iteration reached before convergence. Consider increasing max_iter to improve the fit.
  warnings.warn(
/home/victoria_guetermann/.pyenv/versions/flavor-env/lib/python3.10/site-packages/sklearn/linear_model/_stochastic_gradient.py:1616: ConvergenceWarning: Maximum number of iteration reached before convergence. Consider increasing max_iter to improve the fit.
  warnings.warn(
/home/victoria_guetermann/.pyenv/versions/flavor-env/lib/python3.10/site-packages/sklearn/linear_model/_stochastic_gradient.py:1616: ConvergenceWarning: Maximum number of iteration reached before convergence. Consider increasing max_iter to improve the fit.
  warnings.warn(
/home/victoria_guetermann/.pyenv/versions/flavor-env/lib/python3.10/site-packages/sklearn/linear_model/_stochastic_gradient.py:1616: ConvergenceWarning: Maximum number of iteration reached before convergence. Consider increasing max_iter to improve the fit.
  warnings.warn(
/home/victoria_guetermann/.pyenv/versions/flavor-env/lib/python3.10/site-packages/sklearn/linear_model/_stochastic_gradient.py:1616: ConvergenceWarning: Maximum number of iteration reached before convergence. Consider increasing max_iter to improve the fit.
  warnings.warn(
/home/victoria_guetermann/.pyenv/versions/flavor-env/lib/python3.10/site-packages/sklearn/linear_model/_stochastic_gradient.py:1616: ConvergenceWarning: Maximum number of iteration reached before convergence. Consider increasing max_iter to improve the fit.
  warnings.warn(
/home/victoria_guetermann/.pyenv/versions/flavor-env/lib/python3.10/site-packages/sklearn/linear_model/_stochastic_gradient.py:1616: ConvergenceWarning: Maximum number of iteration reached before convergence. Consider increasing max_iter to improve the fit.
  warnings.warn(
/home/victoria_guetermann/.pyenv/versions/flavor-env/lib/python3.10/site-packages/sklearn/linear_model/_stochastic_gradient.py:1616: ConvergenceWarning: Maximum number of iteration reached before convergence. Consider increasing max_iter to improve the fit.
  warnings.warn(
/home/victoria_guetermann/.pyenv/versions/flavor-env/lib/python3.10/site-packages/sklearn/linear_model/_stochastic_gradient.py:1616: ConvergenceWarning: Maximum number of iteration reached before convergence. Consider increasing max_iter to improve the fit.
  warnings.warn(
/home/victoria_guetermann/.pyenv/versions/flavor-env/lib/python3.10/site-packages/sklearn/linear_model/_stochastic_gradient.py:1616: ConvergenceWarning: Maximum number of iteration reached before convergence. Consider increasing max_iter to improve the fit.
  warnings.warn(
/home/victoria_guetermann/.pyenv/versions/flavor-env/lib/python3.10/site-packages/sklearn/linear_model/_stochastic_gradient.py:1616: ConvergenceWarning: Maximum number of iteration reached before convergence. Consider increasing max_iter to improve the fit.
  warnings.warn(
/home/victoria_guetermann/.pyenv/versions/flavor-env/lib/python3.10/site-packages/sklearn/linear_model/_stochastic_gradient.py:1616: ConvergenceWarning: Maximum number of iteration reached before convergence. Consider increasing max_iter to improve the fit.
  warnings.warn(
/home/victoria_guetermann/.pyenv/versions/flavor-env/lib/python3.10/site-packages/sklearn/linear_model/_stochastic_gradient.py:1616: ConvergenceWarning: Maximum number of iteration reached before convergence. Consider increasing max_iter to improve the fit.
  warnings.warn(
/home/victoria_guetermann/.pyenv/versions/flavor-env/lib/python3.10/site-packages/sklearn/linear_model/_stochastic_gradient.py:1616: ConvergenceWarning: Maximum number of iteration reached before convergence. Consider increasing max_iter to improve the fit.
  warnings.warn(
/home/victoria_guetermann/.pyenv/versions/flavor-env/lib/python3.10/site-packages/sklearn/linear_model/_stochastic_gradient.py:1616: ConvergenceWarning: Maximum number of iteration reached before convergence. Consider increasing max_iter to improve the fit.
  warnings.warn(
/home/victoria_guetermann/.pyenv/versions/flavor-env/lib/python3.10/site-packages/sklearn/linear_model/_stochastic_gradient.py:1616: ConvergenceWarning: Maximum number of iteration reached before convergence. Consider increasing max_iter to improve the fit.
  warnings.warn(
/home/victoria_guetermann/.pyenv/versions/flavor-env/lib/python3.10/site-packages/sklearn/linear_model/_stochastic_gradient.py:1616: ConvergenceWarning: Maximum number of iteration reached before convergence. Consider increasing max_iter to improve the fit.
  warnings.warn(
/home/victoria_guetermann/.pyenv/versions/flavor-env/lib/python3.10/site-packages/sklearn/linear_model/_stochastic_gradient.py:1616: ConvergenceWarning: Maximum number of iteration reached before convergence. Consider increasing max_iter to improve the fit.
  warnings.warn(
/home/victoria_guetermann/.pyenv/versions/flavor-env/lib/python3.10/site-packages/sklearn/linear_model/_stochastic_gradient.py:1616: ConvergenceWarning: Maximum number of iteration reached before convergence. Consider increasing max_iter to improve the fit.
  warnings.warn(
/home/victoria_guetermann/.pyenv/versions/flavor-env/lib/python3.10/site-packages/sklearn/linear_model/_stochastic_gradient.py:1616: ConvergenceWarning: Maximum number of iteration reached before convergence. Consider increasing max_iter to improve the fit.
  warnings.warn(
/home/victoria_guetermann/.pyenv/versions/flavor-env/lib/python3.10/site-packages/sklearn/linear_model/_stochastic_gradient.py:1616: ConvergenceWarning: Maximum number of iteration reached before convergence. Consider increasing max_iter to improve the fit.
  warnings.warn(
/home/victoria_guetermann/.pyenv/versions/flavor-env/lib/python3.10/site-packages/sklearn/linear_model/_stochastic_gradient.py:1616: ConvergenceWarning: Maximum number of iteration reached before convergence. Consider increasing max_iter to improve the fit.
  warnings.warn(
/home/victoria_guetermann/.pyenv/versions/flavor-env/lib/python3.10/site-packages/sklearn/linear_model/_stochastic_gradient.py:1616: ConvergenceWarning: Maximum number of iteration reached before convergence. Consider increasing max_iter to improve the fit.
  warnings.warn(
/home/victoria_guetermann/.pyenv/versions/flavor-env/lib/python3.10/site-packages/sklearn/linear_model/_stochastic_gradient.py:1616: ConvergenceWarning: Maximum number of iteration reached before convergence. Consider increasing max_iter to improve the fit.
  warnings.warn(
/home/victoria_guetermann/.pyenv/versions/flavor-env/lib/python3.10/site-packages/sklearn/linear_model/_stochastic_gradient.py:1616: ConvergenceWarning: Maximum number of iteration reached before convergence. Consider increasing max_iter to improve the fit.
  warnings.warn(
/home/victoria_guetermann/.pyenv/versions/flavor-env/lib/python3.10/site-packages/sklearn/linear_model/_stochastic_gradient.py:1616: ConvergenceWarning: Maximum number of iteration reached before convergence. Consider increasing max_iter to improve the fit.
  warnings.warn(
/home/victoria_guetermann/.pyenv/versions/flavor-env/lib/python3.10/site-packages/sklearn/linear_model/_stochastic_gradient.py:1616: ConvergenceWarning: Maximum number of iteration reached before convergence. Consider increasing max_iter to improve the fit.
  warnings.warn(
/home/victoria_guetermann/.pyenv/versions/flavor-env/lib/python3.10/site-packages/sklearn/linear_model/_stochastic_gradient.py:1616: ConvergenceWarning: Maximum number of iteration reached before convergence. Consider increasing max_iter to improve the fit.
  warnings.warn(
/home/victoria_guetermann/.pyenv/versions/flavor-env/lib/python3.10/site-packages/sklearn/linear_model/_stochastic_gradient.py:1616: ConvergenceWarning: Maximum number of iteration reached before convergence. Consider increasing max_iter to improve the fit.
  warnings.warn(
/home/victoria_guetermann/.pyenv/versions/flavor-env/lib/python3.10/site-packages/sklearn/linear_model/_stochastic_gradient.py:1616: ConvergenceWarning: Maximum number of iteration reached before convergence. Consider increasing max_iter to improve the fit.
  warnings.warn(
/home/victoria_guetermann/.pyenv/versions/flavor-env/lib/python3.10/site-packages/sklearn/linear_model/_stochastic_gradient.py:1616: ConvergenceWarning: Maximum number of iteration reached before convergence. Consider increasing max_iter to improve the fit.
  warnings.warn(
/home/victoria_guetermann/.pyenv/versions/flavor-env/lib/python3.10/site-packages/sklearn/linear_model/_stochastic_gradient.py:1616: ConvergenceWarning: Maximum number of iteration reached before convergence. Consider increasing max_iter to improve the fit.
  warnings.warn(
/home/victoria_guetermann/.pyenv/versions/flavor-env/lib/python3.10/site-packages/sklearn/linear_model/_stochastic_gradient.py:1616: ConvergenceWarning: Maximum number of iteration reached before convergence. Consider increasing max_iter to improve the fit.
  warnings.warn(
/home/victoria_guetermann/.pyenv/versions/flavor-env/lib/python3.10/site-packages/sklearn/linear_model/_stochastic_gradient.py:1616: ConvergenceWarning: Maximum number of iteration reached before convergence. Consider increasing max_iter to improve the fit.
  warnings.warn(
/home/victoria_guetermann/.pyenv/versions/flavor-env/lib/python3.10/site-packages/sklearn/linear_model/_stochastic_gradient.py:1616: ConvergenceWarning: Maximum number of iteration reached before convergence. Consider increasing max_iter to improve the fit.
  warnings.warn(
/home/victoria_guetermann/.pyenv/versions/flavor-env/lib/python3.10/site-packages/sklearn/linear_model/_stochastic_gradient.py:1616: ConvergenceWarning: Maximum number of iteration reached before convergence. Consider increasing max_iter to improve the fit.
  warnings.warn(
/home/victoria_guetermann/.pyenv/versions/flavor-env/lib/python3.10/site-packages/joblib/externals/loky/backend/resource_tracker.py:314: UserWarning: resource_tracker: There appear to be 1 leaked file objects to clean up at shutdown
  warnings.warn(
/home/victoria_guetermann/.pyenv/versions/flavor-env/lib/python3.10/site-packages/joblib/externals/loky/backend/resource_tracker.py:314: UserWarning: resource_tracker: There appear to be 10 leaked semlock objects to clean up at shutdown
  warnings.warn(
/home/victoria_guetermann/.pyenv/versions/flavor-env/lib/python3.10/site-packages/joblib/externals/loky/backend/resource_tracker.py:314: UserWarning: resource_tracker: There appear to be 2 leaked folder objects to clean up at shutdown
  warnings.warn(
